tp1q3
501
13204707
2020-12-04 00:03:47
[0] -2053730
[0]  -2053730 -41728055    -40734       491
[0]  -2053730 -41728055    -40734       491   -466306       -41 -20305362
[7]    346239        -1         2
 [0]    -2053730   -41728055      -40734         491     -466306         -41
 [6]   -20305362      346239          -1           2        1124    20418325
[12]        -383     -158526    -3989310  -234354697         401        1695
[18] -1638780835    11156846
 [0]    -2053730   -41728055      -40734         491     -466306         -41
 [6]   -20305362      346239          -1           2        1124    20418325
[12]        -383     -158526    -3989310  -234354697         401        1695
[18] -1638780835    11156846          -4    -2997593    -4519159         809
[24]  -460070197   -18879081       -2963        6728           7     -105964
[30]     -399666     1608182        2708          10       -6584    16845837
[36]      -83950         -51           3       22481          16   -64713848
[42]   -59016554      -34143           4      -35200    -3803033   -17691466
[48]        -179           5       -1360    -1911814       -1370   819206698
[54]   309206839          11      853889         -77       -1865           5
[60]   -13283599      133996           4     -126658   -95569399     2046255
[66]      -14972           8       54502          49       60213     -206188
[72]    23796439  1020853472           1      -97662        2345         796
[78]     8475409   -10033361         332          -2        1726          -6
[84]       42347        -128        -782       41302      434941          -2
[90]   316815233      415470       -2197    23315644         -11   -16319417
[96]    -2898696   353861344         -11  -210589024
  [0]    -2053730   -41728055      -40734         491     -466306         -41
  [6]   -20305362      346239          -1           2        1124    20418325
 [12]        -383     -158526    -3989310  -234354697         401        1695
 [18] -1638780835    11156846          -4    -2997593    -4519159         809
 [24]  -460070197   -18879081       -2963        6728           7     -105964
 [30]     -399666     1608182        2708          10       -6584    16845837
 [36]      -83950         -51           3       22481          16   -64713848
 [42]   -59016554      -34143           4      -35200    -3803033   -17691466
 [48]        -179           5       -1360    -1911814       -1370   819206698
 [54]   309206839          11      853889         -77       -1865           5
 [60]   -13283599      133996           4     -126658   -95569399     2046255
 [66]      -14972           8       54502          49       60213     -206188
 [72]    23796439  1020853472           1      -97662        2345         796
 [78]     8475409   -10033361         332          -2        1726          -6
 [84]       42347        -128        -782       41302      434941          -2
 [90]   316815233      415470       -2197    23315644         -11   -16319417
 [96]    -2898696   353861344         -11  -210589024  -106763461
 [0] 1 2 7 8 7 1 9 4 2 5 5 3 3 1 9 9 9 0 2 7 4 4 8 0 4 4 6 5 9 6 5 6 7 7 5 8 6 8
[38] 1 0
 [0] -3 -8  0 -2  6 -7  0 -9  0 -4 -5  1 -4 -6  9  0  6 -8 -8  7  5 -7  4 -2  0
[25]  1  6 -1 -5  7  5 -7  3  5  9 -3  4  0
 [0]  47  11 -87  97 -36  35  37 -44 -59 -73 -63  96 -23  56  -3  66 -81  75  78
[19]  38 -71 -81   8 -12 -98  63  -7  -1   6  59   4  77 -88  57  48 -56
 [0] -126  933 -766  158 -277 -400 -977 -289 -158  916  736 -679  771  432  999
[15]  -16  264 -599 -354 -128 -504  -16 -584  578  154 -423  140 -241  550 -334
[30]  602 -811  866  723
 [0] -9949 -7938  7213 -6302 -8853  8321 -6854 -5772  4710 -8014 -2859 -6288
[12] -9392 -9895  7085  -115 -5292 -4291  5473  2240  3654  1202 -9324 -2551
[24]  8205  5171  6844 -7455 -3885 -1097  -577 -2151
 [0] -54697  50528  76190  -6984  -6351 -72019 -20821 -53913 -11347 -45117
[10] -42840  51610   -213  39518  20331  28986   2637  60038  86894    677
[20]  66169  64345 -10481  63361 -17898 -82223 -34469   6355   4420 -89707
 [0]  633578 -351895 -276177  -41724 -444671  866245 -180056  195892  734703
 [9] -205685 -237431 -426471 -153222 -541611 -806645  915837 -315415 -858512
[18]  -65928 -554503 -389659  657478  -95035 -573205 -276047 -143256  632133
[27]  976574
 [0] -1004149 -5857918  2831020  7226047  3964210 -5153279 -3991137  3137500
 [8] -2807887 -2356683  9341483  8659247  3205951 -2260047 -4932555  9887282
[16] -7654182 -6108599 -3902835  5490154  9666740 -8230140  3664052  1718566
[24]  3487924 -9043786
 [0]  20793643  24033249  80649517  86235329  98363945  46982335   3279529
 [7] -79878731 -35998025 -42680996  21785166 -20067014  75114803 -81141227
[14]  28764703  82198984 -74853221  84394389   -954852  82516413   1985927
[21]  26104682 -23629509 -32099210
 [0]  305187615  543033285  920982735 -679899752 -302859014  160342409
 [6] -422924060  -91525541  280596573  476406207  218943481  777146944
[12] -368109129 -508437541  430655048  623180445 -119925777  147818116
[18]  980137749 -166679030  126529174 -430157565
 [0]  -354391978  -646318625   677843938  -356105513  -336948686 -1191217199
 [6]  -982188553   258171656 -1395623300  -178721948 -1051943416   558830803
[12]   479421959   554850044  -776286421 -1074885327   683773085  -891230462
[18]   728759065  -863599016
