tp1q5
501
13206183
2020-12-04 00:28:23
 [0]     -585277      389743     -303318       29052       -7130           1
 [6]          53   -18542898     4978500     6649608          30       14679
[12]    17865840         320           2        4007    20248580        2009
[18]     2622363    -5280644    -2138978     3505700        -594       -3208
[24]           0    60658369    -8262893         -22    -6948130      151979
[30]  -818616178  -956835390      982073          -8        9695          -4
[36]   -36709589    -4539892         -12   -13551410    -3903118        7470
[42]        -557       33876           0       -1700   -52055095   183496754
[48]         746           0 -1774570951      -25486      179176  -466174874
[54]     1876487        -418          25    39778512          60         -83
[60]       87292      -53040    66124139       76005        -546          -7
[66]        3358    -2703701    -6029926     -261563       -1981         883
[72]          28 -1348055421         498       24417        -109  -226210746
[78]      100409   -63590187          21        -382 -1015726230          -2
[84]         -91    33898175   -14352411         -13     1994973      -52609
[90]    -6574040       54371        -397       -1570        -247     -133853
[96]     3336858   -45319159       -3597        -241
2298 comparisons
 [0] -1015726230  -956835390  -818616178  -466174874  -226210746   -18542898
 [6]   -13551410    -6948130    -6574040    -6029926    -5280644    -4539892
[12]    -3903118    -2138978     -303318      -53040      -25486       -7130
[18]       -3208       -1700       -1570        -594        -546        -418
[24]        -382         -22         -12          -8          -4          -2
[30]           0           0           0           2          28          30
[36]          60         320         498         746        3358        7470
[42]       29052       33876       87292      179176     3336858     3505700
[48]     4978500     6649608    17865840    20248580    39778512   183496754
[54] -1774570951 -1348055421   -63590187   -52055095   -45319159   -36709589
[60]   -14352411    -8262893    -2703701     -585277     -261563     -133853
[66]      -52609       -3597       -1981        -557        -397        -247
[72]        -241        -109         -91         -83         -13          -7
[78]           1          21          25          53         883        2009
[84]        4007        9695       14679       24417       54371       76005
[90]      100409      151979      389743      982073     1876487     1994973
[96]     2622363    33898175    60658369    66124139
