tp2q3
501
13869765
2020-12-11 16:48:05
initializing a[109] = { ... }
bs_insert_sort_cmp(a,...) made 593 comparisons
  [0] -2055013750 -1536653376 -1298875642 -1063405762 -1008663776  -988193956
  [6]  -980859474  -968921470  -952772674  -753620774  -716303734  -703738086
 [12]  -661628638  -481253304  -424746242  -424688474  -217831110   -48968794
 [18]    -2560344    35564996   118823456   245230168   311579440   334678656
 [24]   491057360   528777330   636065132   655665618   713927832   719576238
 [30]   742754248   803128886   814060700   942298628   955122048   983412350
 [36]  1137718314  1327716548  1335778340  1378638356  1453264992  1532774458
 [42]  1560636002  1603395094  1607842598  1671048726  1683424636  1809757980
 [48]  2020918360  2075867114 -1987554789 -1932277569 -1885428627 -1849990919
 [54] -1755506427 -1666221403 -1623895241 -1612292159 -1612056591 -1514404249
 [60] -1495323231 -1322085861 -1271355045 -1256682209 -1185663621 -1081051843
 [66] -1075091489 -1067589727 -1066185509 -1036683193  -962134281  -886380581
 [72]  -686846177  -571452639  -505785657  -503870279  -381421723  -339554859
 [78]  -282214569  -260668063  -139788701  -136729055  -118031051  -108981977
 [84]     4239195    15690295   154518363   409417305   452452703   512780423
 [90]   567386667   578664349   618114427   630108833   721054957   897496625
 [96]  1022819403  1034616311  1088449613  1152081299  1371317707  1515141691
[102]  1661162081  1666700619  1757696297  1876871285  1942581769  2062132717
[108]  2098156799
