tp3q6
501
14038014
2020-12-13 15:32:14
 [0] -99998 -99996 -99992 -99990 -99984 -99976 -99972 -99972 -99970 -99958
[10] -99950 -99948 -99946 -99944 -99938 -99928 -99920 -99916 -99916 -99914
[20] -99914 -99904 -99904 -99904 -99896 -99896 -99888 -99888 -99886 -99884
[30] -99874 -99868 -99862 -99860 -99860 -99860 -99852 -99850 -99844 -99834
[40] -99832 -99818 -99812 -99810 -99808 -99802 -99788 -99786 -99774 -99772
[50] -99770 -99766 -99756 -99746 -99732 -99726 -99722 -99718 -99718 -99714
[60] -99714 -99714 -99712 -99712 -99710 -99706 -99704 -99702 -99700 -99698
[70] -99694 -99692 -99688 -99680 -99680 -99678 -99678 -99676 -99674 -99668
[80] -99664 -99660 -99658 -99658 -99656 -99654 -99652 -99650 -99648 -99646
[90] -99636 -99632 -99632 -99630 -99626 -99622 -99620 -99620 -99618 -99618
 [0] 99593 99595 99605 99607 99609 99609 99611 99613 99623 99623 99639 99639
[12] 99641 99641 99647 99651 99677 99683 99683 99691 99691 99691 99699 99701
[24] 99707 99713 99715 99719 99725 99731 99733 99737 99739 99743 99753 99763
[36] 99769 99771 99775 99777 99781 99781 99785 99799 99803 99811 99815 99829
[48] 99829 99831 99833 99837 99841 99843 99849 99853 99859 99863 99871 99875
[60] 99875 99879 99883 99887 99887 99889 99897 99897 99899 99903 99907 99907
[72] 99909 99911 99913 99915 99917 99919 99923 99925 99927 99935 99937 99945
[84] 99947 99949 99959 99959 99961 99961 99967 99969 99971 99975 99977 99983
[96] 99989 99993 99993 99995
