tp3q4
501
14036827
2020-12-13 15:12:27
                               92
               83                              81
       35              78              47              78
    4      31       8      27      14     -49      33      11
-23 -56 -97 -18 -41  -3   0 -23 -62 -15 -78 -82 -62 -10 -30
pop_heap() == 92
pop_heap() == 83
pop_heap() == 81
                               78
               35                              78
       31              27              47              33
    4     -18       8       0      14     -49     -10      11
-23 -56 -97 -62 -41  -3 -30 -23 -62 -15 -78 -82
pop_heap() == 78
pop_heap() == 78
pop_heap() == 47
                               35
               31                              33
        4              27              14              11
  -23     -18       8       0     -15     -49     -10     -78
-82 -56 -97 -62 -41  -3 -30 -23 -62
pop_heap() == 35
pop_heap() == 33
pop_heap() == 31
                               27
                8                              14
        4               0             -15              11
  -23     -18      -3     -30     -62     -49     -10     -78
-82 -56 -97 -62 -41 -23
pop_heap() == 27
pop_heap() == 14
pop_heap() == 11
                                8
                4                             -10
      -18               0             -15             -23
  -23     -62      -3     -30     -62     -49     -41     -78
-82 -56 -97
pop_heap() == 8
pop_heap() == 4
pop_heap() == 0
               -3
      -18             -10
  -23     -30     -15     -23
-82 -62 -97 -56 -62 -49 -41 -78
pop_heap() == -3
pop_heap() == -10
pop_heap() == -15
              -18
      -23             -23
  -62     -30     -49     -41
-82 -78 -97 -56 -62
pop_heap() == -18
pop_heap() == -23
pop_heap() == -23
              -30
      -56             -41
  -62     -97     -49     -62
-82 -78
pop_heap() == -30
pop_heap() == -41
pop_heap() == -49
      -56
  -62     -62
-82 -97 -78
pop_heap() == -56
pop_heap() == -62
pop_heap() == -62
  -78
-82 -97
pop_heap() == -78
pop_heap() == -82
pop_heap() == -97
