tp3q1
501
14033816
2020-12-13 14:22:16
 [0]  2126861328  2015719659  2089194811  1767473867  1818314516  1538164297
 [6]  1948367817  1624188076  1480791567  1543437104  1622564034  1441301543
[12]  1391414709  1029676269  1587422955  1579858989  1427740359  1287478885
[18]   333252655  1207761305  1489778884  1235122717  1596941018  1346803771
[24]   452777724   828167863  1250820122   278056839 -1619995698   -72319520
[30]  -128342828   338458944   591416016  1136744669  -534111820  1122219596
[36]  -499737536   -73833073   174970843   274783631 -1077559718  1360372843
[42]   723887196  -544507993  1060593816   136364212  1049305199   870378283
[48]  1098658773   -78751311 -1959418053    57330876   633065484   -24589580
[54]  -228017454 -1504428467  -323203198 -2097826845 -1924290459 -1767003296
[60] -1416639388 -1114927610 -1437008332   -66842232   133071300 -1808039056
[66]   105133820 -1902082368 -1373970214  -597091128 -1682260538 -1706084760
[72]   864589931 -1660182865 -1798004296 -1149652636 -1664648879 -1283617302
[78]   168092057 -1436592065 -1609289048 -1653286874 -1718032096  1013966451
[84] -1622644064   245123979  -473631374 -1178309399  -616268686  -606714060
[90]   -44081720  -759562804  -274804663 -1772972813 -1512033972  -584776177
[96]  -870402876 -1995404937   435856430  -880736943
 [0]  2126861328  2015719659  2089194811  1767473867  1818314516  1538164297
 [6]  1948367817  1624188076  1480791567  1543437104  1622564034  1441301543
[12]  1391414709  1029676269  1587422955  1579858989  1427740359  1287478885
[18]   333252655  1207761305  1489778884  1235122717  1596941018  1346803771
[24]   452777724   828167863  1250820122   278056839 -1619995698   -72319520
[30]  -128342828   338458944   591416016  1136744669  -534111820  1122219596
[36]  -499737536   -73833073   174970843   274783631 -1077559718  1360372843
[42]   723887196  -544507993  1060593816   136364212  1049305199   870378283
[48]  1098658773   -78751311 -1959418053    57330876   633065484   -24589580
[54]  -228017454 -1504428467  -323203198 -2097826845 -1924290459 -1767003296
[60] -1416639388 -1114927610 -1437008332   -66842232   133071300 -1808039056
[66]   105133820 -1902082368 -1373970214  -597091128 -1682260538 -1706084760
[72]   864589931 -1660182865 -1798004296 -1149652636 -1664648879 -1283617302
[78]   168092057 -1436592065 -1609289048 -1653286874 -1718032096  1013966451
[84] -1622644064   245123979  -473631374 -1178309399  -616268686  -606714060
[90]   -44081720  -759562804  -274804663 -1772972813 -1512033972  -584776177
[96]  -870402876 -1995404937   435856430  -880736943
