tp3q5
501
14037370
2020-12-13 15:21:30
 [0] -99998 -99990 -99989 -99987 -99983 -99983 -99978 -99975 -99971 -99968
[10] -99968 -99967 -99966 -99965 -99960 -99958 -99954 -99954 -99954 -99950
[20] -99949 -99948 -99948 -99948 -99946 -99945 -99941 -99934 -99928 -99926
[30] -99924 -99922 -99921 -99917 -99916 -99912 -99910 -99908 -99907 -99907
[40] -99906 -99905 -99905 -99904 -99901 -99898 -99897 -99896 -99893 -99890
[50] -99890 -99888 -99885 -99883 -99880 -99876 -99875 -99874 -99874 -99873
[60] -99871 -99871 -99871 -99868 -99868 -99867 -99867 -99865 -99865 -99864
[70] -99863 -99859 -99858 -99856 -99851 -99851 -99851 -99850 -99847 -99844
[80] -99840 -99838 -99836 -99833 -99827 -99826 -99826 -99824 -99824 -99821
[90] -99819 -99819 -99817 -99814 -99813 -99812 -99811 -99809 -99808 -99805
 [0] 99761 99762 99764 99769 99770 99770 99777 99777 99782 99784 99788 99788
[12] 99790 99793 99796 99799 99803 99807 99807 99808 99813 99822 99822 99823
[24] 99823 99824 99826 99827 99827 99828 99830 99843 99845 99846 99846 99853
[36] 99854 99855 99855 99856 99859 99863 99864 99867 99869 99872 99872 99874
[48] 99877 99882 99883 99886 99886 99886 99886 99888 99889 99891 99893 99893
[60] 99897 99898 99901 99901 99902 99904 99905 99905 99907 99908 99909 99912
[72] 99914 99924 99925 99926 99933 99936 99937 99938 99940 99940 99945 99945
[84] 99946 99948 99949 99951 99955 99959 99965 99971 99974 99982 99983 99984
[96] 99987 99995 99996 99999
