tp6q1
501
131232
2021-01-15 20:52:48
qlbpqilsua
cxdmpdow
yzxag
npenfysxxry
jvpazav
ojmdc
guzdpzy
tkwjara
kbtjq
wjquvwc
chpgaahorex
tkpqlz
jehqc
kpwog
ytsgurb
fhhzn
yassuqbw
gzkteelcg
tocwv
qqbmmkg
nybvmffyrhhaq
ymxbs
emjul
sgyclnbpxddp
itgor
rwvordrf
xfnfk
rdaoiienwfk
sloyv
ueizk
zqoox
dekxyactis
ocxrya
dpiigaqnzgj
tuqzszjrg
afqdh
bsshf
qhzcfnlhoqvh
ucleytasoxda
rfkya
cxmmh
nntpjikssks
jjhcpj
ivkvu
xxxjvmaax
dsori
efjizhzlsu
ntoam
nolth
mqkstyxrketvq
esdcmkfrxj
kjofirpz
xkpwjuws
smmhq
orcbd
xqaezsce
ijuxu
yyodm
gueyyb
ofwtjkqsuly
livcoi
ljlly
zxqeh
kdvwy
audtvnaa
rhtskied
thzovz
hfrrictvszj
ispat
meqjnmvi
vgzrjcnm
tuclvqajpi
shcof
rbmgxki
oiqclaaih
vahfe
wzupuqnegfyh
hlrqecdf
tuxzjb
bsghs
frevmxix
qskyyhptcm
ufcdodui
yyakjhv
bhekxkqsiytws
qnpqa
xxcjy
nsudislqwnlab
jbismg
gauqtzcvqfpv
yvisimjye
yoswratddhb
yjwzv
xbxxi
mvqnrf
gqtzcwzvukjwg
ezlqyikdduwdr
gomdm
qjfdb
nbrfxvpkf
qtvxewkzg
itgtwqys
fvabb
zhktqtr
oqcze
lhocso
defly
wupgpfsc
xjtni
qqouik
ouzjq
ylhlc
oempvzwqvtot
ajvfzkjanbdbh
btyxpfwvzilq
tlgltfsuu
nricqkudqkpba
ywziswtwfg
mlzgq
tpkzmgpejhes
wpkyd
pgxfutcehimug
lxgfja
ujwmoattafku
jhmcn
cntpqmbbst
uwajt
acseww
uzqlwliptqfff
ktlthra
tyjec
ywjatszlts
xajsm
gjzln
dvpxyxsngh
epqmq
qbgjo
djznt
zedzmdujdkj
bpljg
cvypmgbflfan
txtgn
lmkia
bpknj
mqgzfmaheedt
epwwa
gdjnh
arzde
nkwwrzmcxzbwg
oalwhehtishf
uenuuqdz
xdpqr
jlclgvibl
lfynzxolglqne
bfvsq
gnxlonrozo
csnkvfgv
vaokh
nfosx
xoysw
mhdecuxp
iyxww
cnqrm
cswdivot
vurkwohueak
lkfdk
wvamfsg
zcbnutehpkzb
udvoi
weaitmzyas
wmlcucbodfueg
vtrhjxuza
gxjper
uzfiafeqniqog
ydzmpj
evsmsqthfmkka
jrbaihiu
uzrlp
wuhsi
pvemlz
skyysiiojz
rtqbi
vlbbe
lawss
ophoz
gncqqrvmmsyuk
xbrtlirx
cnevzxcwaayn
okaia
spqii
